build/app/intermediates/manifest_merge_blame_file/release/manifest-merger-blame-release-report.txt
1<?xml version="1.0" encoding="utf-8"?>
2<manifest xmlns:android="http://schemas.android.com/apk/res/android"
3    package="com.irootsp"
4    android:versionCode="22"
5    android:versionName="1.0.22" >
6
7    <uses-sdk
8        android:minSdkVersion="21"
9        android:targetSdkVersion="34" />
10
11    <uses-permission android:name="android.permission.INTERNET" />
11-->src/main/AndroidManifest.xml:5:5-67
11-->src/main/AndroidManifest.xml:5:22-64
12
13    <!-- Notification -->
14    <uses-permission android:name="android.permission.POST_NOTIFICATIONS" />
14-->src/main/AndroidManifest.xml:8:5-77
14-->src/main/AndroidManifest.xml:8:22-74
15    <uses-permission android:name="android.permission.FOREGROUND_SERVICE" />
15-->src/main/AndroidManifest.xml:9:5-77
15-->src/main/AndroidManifest.xml:9:22-74
16    <uses-permission android:name="android.permission.ACCESS_NETWORK_STATE" />
16-->[:connectivity_plus] AndroidManifest.xml:7:5-79
16-->[:connectivity_plus] AndroidManifest.xml:7:22-76
17    <uses-permission android:name="android.permission.WAKE_LOCK" />
17-->[:firebase_messaging] AndroidManifest.xml:8:5-68
17-->[:firebase_messaging] AndroidManifest.xml:8:22-65
18
19    <queries>
19-->[:flutter_inappwebview_android] AndroidManifest.xml:7:5-11:15
20        <intent>
20-->[:flutter_inappwebview_android] AndroidManifest.xml:8:9-10:18
21            <action android:name="android.support.customtabs.action.CustomTabsService" />
21-->[:flutter_inappwebview_android] AndroidManifest.xml:9:13-90
21-->[:flutter_inappwebview_android] AndroidManifest.xml:9:21-87
22        </intent>
23    </queries>
24
25    <uses-permission android:name="android.permission.VIBRATE" /> <!-- Required by older versions of Google Play services to create IID tokens -->
25-->[:flutter_local_notifications] AndroidManifest.xml:7:5-66
25-->[:flutter_local_notifications] AndroidManifest.xml:7:22-63
26    <uses-permission android:name="com.google.android.c2dm.permission.RECEIVE" />
26-->[com.google.firebase:firebase-messaging:24.1.0] AndroidManifest.xml:26:5-82
26-->[com.google.firebase:firebase-messaging:24.1.0] AndroidManifest.xml:26:22-79
27    <uses-permission android:name="android.permission.ACCESS_ADSERVICES_ATTRIBUTION" />
27-->[com.google.android.gms:play-services-measurement-api:22.2.0] AndroidManifest.xml:26:5-88
27-->[com.google.android.gms:play-services-measurement-api:22.2.0] AndroidManifest.xml:26:22-85
28    <uses-permission android:name="android.permission.ACCESS_ADSERVICES_AD_ID" />
28-->[com.google.android.gms:play-services-measurement-api:22.2.0] AndroidManifest.xml:27:5-82
28-->[com.google.android.gms:play-services-measurement-api:22.2.0] AndroidManifest.xml:27:22-79
29    <uses-permission android:name="com.google.android.finsky.permission.BIND_GET_INSTALL_REFERRER_SERVICE" />
29-->[com.google.android.gms:play-services-measurement:22.2.0] AndroidManifest.xml:26:5-110
29-->[com.google.android.gms:play-services-measurement:22.2.0] AndroidManifest.xml:26:22-107
30
31    <permission
31-->[androidx.core:core:1.13.1] AndroidManifest.xml:22:5-24:47
32        android:name="com.irootsp.DYNAMIC_RECEIVER_NOT_EXPORTED_PERMISSION"
32-->[androidx.core:core:1.13.1] AndroidManifest.xml:23:9-81
33        android:protectionLevel="signature" />
33-->[androidx.core:core:1.13.1] AndroidManifest.xml:24:9-44
34
35    <uses-permission android:name="com.irootsp.DYNAMIC_RECEIVER_NOT_EXPORTED_PERMISSION" /> <!-- Notification -->
35-->[androidx.core:core:1.13.1] AndroidManifest.xml:26:5-97
35-->[androidx.core:core:1.13.1] AndroidManifest.xml:26:22-94
36    <!-- android:icon="@mipmap/launcher_icon" -->
37    <!-- stmary -->
38    <application
39        android:name="android.app.Application"
39-->src/main/AndroidManifest.xml:16:9-42
40        android:appComponentFactory="androidx.core.app.CoreComponentFactory"
40-->[androidx.core:core:1.13.1] AndroidManifest.xml:28:18-86
41        android:extractNativeLibs="true"
42        android:icon="@mipmap/ic_launcher"
42-->src/main/AndroidManifest.xml:18:12-46
43        android:label="ST Paul&apos;s Secondary School"
43-->src/main/AndroidManifest.xml:19:9-51
44        android:usesCleartextTraffic="true" >
44-->src/main/AndroidManifest.xml:20:9-44
45        <activity
45-->src/main/AndroidManifest.xml:21:9-40:20
46            android:name="com.irootsp.MainActivity"
46-->src/main/AndroidManifest.xml:22:13-41
47            android:configChanges="orientation|keyboardHidden|keyboard|screenSize|smallestScreenSize|locale|layoutDirection|fontScale|screenLayout|density|uiMode"
47-->src/main/AndroidManifest.xml:23:13-163
48            android:exported="true"
48-->src/main/AndroidManifest.xml:24:13-36
49            android:hardwareAccelerated="true"
49-->src/main/AndroidManifest.xml:25:13-47
50            android:launchMode="singleTop"
50-->src/main/AndroidManifest.xml:26:13-43
51            android:theme="@style/LaunchTheme"
51-->src/main/AndroidManifest.xml:27:13-47
52            android:windowSoftInputMode="adjustResize" >
52-->src/main/AndroidManifest.xml:28:13-55
53
54            <!--
55                 Specifies an Android theme to apply to this Activity as soon as
56                 the Android process has started. This theme is visible to the user
57                 while the Flutter UI initializes. After that, this theme continues
58                 to determine the Window background behind the Flutter UI.
59            -->
60            <meta-data
60-->src/main/AndroidManifest.xml:33:13-35:57
61                android:name="io.flutter.embedding.android.NormalTheme"
61-->src/main/AndroidManifest.xml:34:17-72
62                android:resource="@style/NormalTheme" />
62-->src/main/AndroidManifest.xml:35:17-54
63
64            <intent-filter>
64-->src/main/AndroidManifest.xml:36:13-39:29
65                <action android:name="android.intent.action.MAIN" />
65-->src/main/AndroidManifest.xml:37:17-69
65-->src/main/AndroidManifest.xml:37:25-66
66
67                <category android:name="android.intent.category.LAUNCHER" />
67-->src/main/AndroidManifest.xml:38:17-77
67-->src/main/AndroidManifest.xml:38:27-74
68            </intent-filter>
69        </activity>
70        <!--
71             Don't delete the meta-data below.
72             This is used by the Flutter tool to generate GeneratedPluginRegistrant.java
73        -->
74        <meta-data
74-->src/main/AndroidManifest.xml:43:9-45:33
75            android:name="flutterEmbedding"
75-->src/main/AndroidManifest.xml:44:13-44
76            android:value="2" />
76-->src/main/AndroidManifest.xml:45:13-30
77        <meta-data
77-->src/main/AndroidManifest.xml:46:9-48:36
78            android:name="io.flutter.embedding.android.PlatformViews"
78-->src/main/AndroidManifest.xml:47:13-70
79            android:value="true" />
79-->src/main/AndroidManifest.xml:48:13-33
80        <meta-data
80-->src/main/AndroidManifest.xml:49:9-51:41
81            android:name="flutter.embedding.android.AndroidView"
81-->src/main/AndroidManifest.xml:50:5-57
82            android:value="hybrid-composition" />
82-->src/main/AndroidManifest.xml:51:5-39
83
84        <!-- Notification -->
85
86        <service
86-->src/main/AndroidManifest.xml:56:9-59:44
87            android:name="com.dexterous.flutterlocalnotifications.ForegroundService"
87-->src/main/AndroidManifest.xml:57:13-85
88            android:exported="false"
88-->src/main/AndroidManifest.xml:58:13-37
89            android:stopWithTask="false" />
89-->src/main/AndroidManifest.xml:59:13-41
90
91        <receiver
91-->src/main/AndroidManifest.xml:61:9-63:40
92            android:name="com.dexterous.flutterlocalnotifications.ActionBroadcastReceiver"
92-->src/main/AndroidManifest.xml:62:13-91
93            android:exported="false" />
93-->src/main/AndroidManifest.xml:63:13-37
94        <receiver
94-->src/main/AndroidManifest.xml:64:9-66:40
95            android:name="com.dexterous.flutterlocalnotifications.ScheduledNotificationReceiver"
95-->src/main/AndroidManifest.xml:65:13-97
96            android:exported="false" />
96-->src/main/AndroidManifest.xml:66:13-37
97        <receiver
97-->src/main/AndroidManifest.xml:67:9-77:20
98            android:name="com.dexterous.flutterlocalnotifications.ScheduledNotificationBootReceiver"
98-->src/main/AndroidManifest.xml:68:13-101
99            android:exported="false" >
99-->src/main/AndroidManifest.xml:69:13-37
100            <intent-filter>
100-->src/main/AndroidManifest.xml:71:13-76:29
101                <action android:name="android.intent.action.BOOT_COMPLETED" />
101-->src/main/AndroidManifest.xml:72:17-79
101-->src/main/AndroidManifest.xml:72:25-76
102                <action android:name="android.intent.action.MY_PACKAGE_REPLACED" />
102-->src/main/AndroidManifest.xml:73:17-84
102-->src/main/AndroidManifest.xml:73:25-81
103                <action android:name="android.intent.action.QUICKBOOT_POWERON" />
103-->src/main/AndroidManifest.xml:74:17-82
103-->src/main/AndroidManifest.xml:74:25-79
104                <action android:name="com.htc.intent.action.QUICKBOOT_POWERON" />
104-->src/main/AndroidManifest.xml:75:17-82
104-->src/main/AndroidManifest.xml:75:25-79
105            </intent-filter>
106        </receiver>
107
108        <!-- Notification -->
109
110        <service
110-->[:firebase_messaging] AndroidManifest.xml:14:9-17:72
111            android:name="io.flutter.plugins.firebase.messaging.FlutterFirebaseMessagingBackgroundService"
111-->[:firebase_messaging] AndroidManifest.xml:15:13-107
112            android:exported="false"
112-->[:firebase_messaging] AndroidManifest.xml:16:13-37
113            android:permission="android.permission.BIND_JOB_SERVICE" />
113-->[:firebase_messaging] AndroidManifest.xml:17:13-69
114        <service
114-->[:firebase_messaging] AndroidManifest.xml:18:9-24:19
115            android:name="io.flutter.plugins.firebase.messaging.FlutterFirebaseMessagingService"
115-->[:firebase_messaging] AndroidManifest.xml:19:13-97
116            android:exported="false" >
116-->[:firebase_messaging] AndroidManifest.xml:20:13-37
117            <intent-filter>
117-->[:firebase_messaging] AndroidManifest.xml:21:13-23:29
118                <action android:name="com.google.firebase.MESSAGING_EVENT" />
118-->[:firebase_messaging] AndroidManifest.xml:22:17-78
118-->[:firebase_messaging] AndroidManifest.xml:22:25-75
119            </intent-filter>
120        </service>
121
122        <receiver
122-->[:firebase_messaging] AndroidManifest.xml:26:9-33:20
123            android:name="io.flutter.plugins.firebase.messaging.FlutterFirebaseMessagingReceiver"
123-->[:firebase_messaging] AndroidManifest.xml:27:13-98
124            android:exported="true"
124-->[:firebase_messaging] AndroidManifest.xml:28:13-36
125            android:permission="com.google.android.c2dm.permission.SEND" >
125-->[:firebase_messaging] AndroidManifest.xml:29:13-73
126            <intent-filter>
126-->[:firebase_messaging] AndroidManifest.xml:30:13-32:29
127                <action android:name="com.google.android.c2dm.intent.RECEIVE" />
127-->[:firebase_messaging] AndroidManifest.xml:31:17-81
127-->[:firebase_messaging] AndroidManifest.xml:31:25-78
128            </intent-filter>
129        </receiver>
130
131        <service
131-->[:firebase_messaging] AndroidManifest.xml:35:9-39:19
132            android:name="com.google.firebase.components.ComponentDiscoveryService"
132-->[:firebase_messaging] AndroidManifest.xml:35:18-89
133            android:directBootAware="true"
133-->[com.google.firebase:firebase-common:21.0.0] AndroidManifest.xml:32:13-43
134            android:exported="false" >
134-->[com.google.firebase:firebase-messaging:24.1.0] AndroidManifest.xml:56:13-37
135            <meta-data
135-->[:firebase_messaging] AndroidManifest.xml:36:13-38:85
136                android:name="com.google.firebase.components:io.flutter.plugins.firebase.messaging.FlutterFirebaseAppRegistrar"
136-->[:firebase_messaging] AndroidManifest.xml:37:17-128
137                android:value="com.google.firebase.components.ComponentRegistrar" />
137-->[:firebase_messaging] AndroidManifest.xml:38:17-82
138            <meta-data
138-->[:firebase_remote_config] AndroidManifest.xml:9:13-11:85
139                android:name="com.google.firebase.components:io.flutter.plugins.firebase.firebaseremoteconfig.FlutterFirebaseAppRegistrar"
139-->[:firebase_remote_config] AndroidManifest.xml:10:17-139
140                android:value="com.google.firebase.components.ComponentRegistrar" />
140-->[:firebase_remote_config] AndroidManifest.xml:11:17-82
141            <meta-data
141-->[:firebase_core] AndroidManifest.xml:9:13-11:85
142                android:name="com.google.firebase.components:io.flutter.plugins.firebase.core.FlutterFirebaseCoreRegistrar"
142-->[:firebase_core] AndroidManifest.xml:10:17-124
143                android:value="com.google.firebase.components.ComponentRegistrar" />
143-->[:firebase_core] AndroidManifest.xml:11:17-82
144            <meta-data
144-->[com.google.firebase:firebase-messaging:24.1.0] AndroidManifest.xml:57:13-59:85
145                android:name="com.google.firebase.components:com.google.firebase.messaging.FirebaseMessagingKtxRegistrar"
145-->[com.google.firebase:firebase-messaging:24.1.0] AndroidManifest.xml:58:17-122
146                android:value="com.google.firebase.components.ComponentRegistrar" />
146-->[com.google.firebase:firebase-messaging:24.1.0] AndroidManifest.xml:59:17-82
147            <meta-data
147-->[com.google.firebase:firebase-messaging:24.1.0] AndroidManifest.xml:60:13-62:85
148                android:name="com.google.firebase.components:com.google.firebase.messaging.FirebaseMessagingRegistrar"
148-->[com.google.firebase:firebase-messaging:24.1.0] AndroidManifest.xml:61:17-119
149                android:value="com.google.firebase.components.ComponentRegistrar" />
149-->[com.google.firebase:firebase-messaging:24.1.0] AndroidManifest.xml:62:17-82
150            <meta-data
150-->[com.google.android.gms:play-services-measurement-api:22.2.0] AndroidManifest.xml:33:13-35:85
151                android:name="com.google.firebase.components:com.google.firebase.analytics.connector.internal.AnalyticsConnectorRegistrar"
151-->[com.google.android.gms:play-services-measurement-api:22.2.0] AndroidManifest.xml:34:17-139
152                android:value="com.google.firebase.components.ComponentRegistrar" />
152-->[com.google.android.gms:play-services-measurement-api:22.2.0] AndroidManifest.xml:35:17-82
153            <meta-data
153-->[com.google.firebase:firebase-config:22.1.0] AndroidManifest.xml:29:13-31:85
154                android:name="com.google.firebase.components:com.google.firebase.remoteconfig.FirebaseRemoteConfigKtxRegistrar"
154-->[com.google.firebase:firebase-config:22.1.0] AndroidManifest.xml:30:17-128
155                android:value="com.google.firebase.components.ComponentRegistrar" />
155-->[com.google.firebase:firebase-config:22.1.0] AndroidManifest.xml:31:17-82
156            <meta-data
156-->[com.google.firebase:firebase-config:22.1.0] AndroidManifest.xml:32:13-34:85
157                android:name="com.google.firebase.components:com.google.firebase.remoteconfig.RemoteConfigRegistrar"
157-->[com.google.firebase:firebase-config:22.1.0] AndroidManifest.xml:33:17-117
158                android:value="com.google.firebase.components.ComponentRegistrar" />
158-->[com.google.firebase:firebase-config:22.1.0] AndroidManifest.xml:34:17-82
159            <meta-data
159-->[com.google.firebase:firebase-installations:18.0.0] AndroidManifest.xml:15:13-17:85
160                android:name="com.google.firebase.components:com.google.firebase.installations.FirebaseInstallationsKtxRegistrar"
160-->[com.google.firebase:firebase-installations:18.0.0] AndroidManifest.xml:16:17-130
161                android:value="com.google.firebase.components.ComponentRegistrar" />
161-->[com.google.firebase:firebase-installations:18.0.0] AndroidManifest.xml:17:17-82
162            <meta-data
162-->[com.google.firebase:firebase-installations:18.0.0] AndroidManifest.xml:18:13-20:85
163                android:name="com.google.firebase.components:com.google.firebase.installations.FirebaseInstallationsRegistrar"
163-->[com.google.firebase:firebase-installations:18.0.0] AndroidManifest.xml:19:17-127
164                android:value="com.google.firebase.components.ComponentRegistrar" />
164-->[com.google.firebase:firebase-installations:18.0.0] AndroidManifest.xml:20:17-82
165            <meta-data
165-->[com.google.firebase:firebase-common-ktx:21.0.0] AndroidManifest.xml:12:13-14:85
166                android:name="com.google.firebase.components:com.google.firebase.ktx.FirebaseCommonLegacyRegistrar"
166-->[com.google.firebase:firebase-common-ktx:21.0.0] AndroidManifest.xml:13:17-116
167                android:value="com.google.firebase.components.ComponentRegistrar" />
167-->[com.google.firebase:firebase-common-ktx:21.0.0] AndroidManifest.xml:14:17-82
168            <meta-data
168-->[com.google.firebase:firebase-common:21.0.0] AndroidManifest.xml:35:13-37:85
169                android:name="com.google.firebase.components:com.google.firebase.FirebaseCommonKtxRegistrar"
169-->[com.google.firebase:firebase-common:21.0.0] AndroidManifest.xml:36:17-109
170                android:value="com.google.firebase.components.ComponentRegistrar" />
170-->[com.google.firebase:firebase-common:21.0.0] AndroidManifest.xml:37:17-82
171            <meta-data
171-->[com.google.firebase:firebase-abt:21.1.1] AndroidManifest.xml:12:13-14:85
172                android:name="com.google.firebase.components:com.google.firebase.abt.component.AbtRegistrar"
172-->[com.google.firebase:firebase-abt:21.1.1] AndroidManifest.xml:13:17-109
173                android:value="com.google.firebase.components.ComponentRegistrar" />
173-->[com.google.firebase:firebase-abt:21.1.1] AndroidManifest.xml:14:17-82
174            <meta-data
174-->[com.google.firebase:firebase-datatransport:18.2.0] AndroidManifest.xml:25:13-27:85
175                android:name="com.google.firebase.components:com.google.firebase.datatransport.TransportRegistrar"
175-->[com.google.firebase:firebase-datatransport:18.2.0] AndroidManifest.xml:26:17-115
176                android:value="com.google.firebase.components.ComponentRegistrar" />
176-->[com.google.firebase:firebase-datatransport:18.2.0] AndroidManifest.xml:27:17-82
177        </service>
178
179        <provider
179-->[:firebase_messaging] AndroidManifest.xml:41:9-45:38
180            android:name="io.flutter.plugins.firebase.messaging.FlutterFirebaseMessagingInitProvider"
180-->[:firebase_messaging] AndroidManifest.xml:42:13-102
181            android:authorities="com.irootsp.flutterfirebasemessaginginitprovider"
181-->[:firebase_messaging] AndroidManifest.xml:43:13-88
182            android:exported="false"
182-->[:firebase_messaging] AndroidManifest.xml:44:13-37
183            android:initOrder="99" />
183-->[:firebase_messaging] AndroidManifest.xml:45:13-35
184
185        <activity
185-->[:flutter_inappwebview_android] AndroidManifest.xml:14:9-18:47
186            android:name="com.pichillilorenzo.flutter_inappwebview_android.in_app_browser.InAppBrowserActivity"
186-->[:flutter_inappwebview_android] AndroidManifest.xml:15:13-112
187            android:configChanges="orientation|keyboardHidden|keyboard|screenSize|locale|layoutDirection|fontScale|screenLayout|density"
187-->[:flutter_inappwebview_android] AndroidManifest.xml:16:13-137
188            android:exported="false"
188-->[:flutter_inappwebview_android] AndroidManifest.xml:17:13-37
189            android:theme="@style/AppTheme" />
189-->[:flutter_inappwebview_android] AndroidManifest.xml:18:13-44
190        <activity
190-->[:flutter_inappwebview_android] AndroidManifest.xml:19:9-22:55
191            android:name="com.pichillilorenzo.flutter_inappwebview_android.chrome_custom_tabs.ChromeCustomTabsActivity"
191-->[:flutter_inappwebview_android] AndroidManifest.xml:20:13-120
192            android:exported="false"
192-->[:flutter_inappwebview_android] AndroidManifest.xml:21:13-37
193            android:theme="@style/ThemeTransparent" />
193-->[:flutter_inappwebview_android] AndroidManifest.xml:22:13-52
194        <activity
194-->[:flutter_inappwebview_android] AndroidManifest.xml:23:9-26:55
195            android:name="com.pichillilorenzo.flutter_inappwebview_android.chrome_custom_tabs.TrustedWebActivity"
195-->[:flutter_inappwebview_android] AndroidManifest.xml:24:13-114
196            android:exported="false"
196-->[:flutter_inappwebview_android] AndroidManifest.xml:25:13-37
197            android:theme="@style/ThemeTransparent" />
197-->[:flutter_inappwebview_android] AndroidManifest.xml:26:13-52
198        <activity
198-->[:flutter_inappwebview_android] AndroidManifest.xml:27:9-31:55
199            android:name="com.pichillilorenzo.flutter_inappwebview_android.chrome_custom_tabs.ChromeCustomTabsActivitySingleInstance"
199-->[:flutter_inappwebview_android] AndroidManifest.xml:28:13-134
200            android:exported="false"
200-->[:flutter_inappwebview_android] AndroidManifest.xml:29:13-37
201            android:launchMode="singleInstance"
201-->[:flutter_inappwebview_android] AndroidManifest.xml:30:13-48
202            android:theme="@style/ThemeTransparent" />
202-->[:flutter_inappwebview_android] AndroidManifest.xml:31:13-52
203        <activity
203-->[:flutter_inappwebview_android] AndroidManifest.xml:32:9-36:55
204            android:name="com.pichillilorenzo.flutter_inappwebview_android.chrome_custom_tabs.TrustedWebActivitySingleInstance"
204-->[:flutter_inappwebview_android] AndroidManifest.xml:33:13-128
205            android:exported="false"
205-->[:flutter_inappwebview_android] AndroidManifest.xml:34:13-37
206            android:launchMode="singleInstance"
206-->[:flutter_inappwebview_android] AndroidManifest.xml:35:13-48
207            android:theme="@style/ThemeTransparent" />
207-->[:flutter_inappwebview_android] AndroidManifest.xml:36:13-52
208
209        <receiver
209-->[:flutter_inappwebview_android] AndroidManifest.xml:38:9-41:40
210            android:name="com.pichillilorenzo.flutter_inappwebview_android.chrome_custom_tabs.ActionBroadcastReceiver"
210-->[:flutter_inappwebview_android] AndroidManifest.xml:39:13-119
211            android:enabled="true"
211-->[:flutter_inappwebview_android] AndroidManifest.xml:40:13-35
212            android:exported="false" />
212-->[:flutter_inappwebview_android] AndroidManifest.xml:41:13-37
213
214        <meta-data
214-->[:flutter_inappwebview_android] AndroidManifest.xml:43:9-45:36
215            android:name="io.flutter.embedded_views_preview"
215-->[:flutter_inappwebview_android] AndroidManifest.xml:44:13-61
216            android:value="true" />
216-->[:flutter_inappwebview_android] AndroidManifest.xml:45:13-33
217
218        <service
218-->[:geolocator_android] AndroidManifest.xml:8:9-12:56
219            android:name="com.baseflow.geolocator.GeolocatorLocationService"
219-->[:geolocator_android] AndroidManifest.xml:9:13-77
220            android:enabled="true"
220-->[:geolocator_android] AndroidManifest.xml:10:13-35
221            android:exported="false"
221-->[:geolocator_android] AndroidManifest.xml:11:13-37
222            android:foregroundServiceType="location" />
222-->[:geolocator_android] AndroidManifest.xml:12:13-53
223
224        <activity
224-->[:url_launcher_android] AndroidManifest.xml:8:9-11:74
225            android:name="io.flutter.plugins.urllauncher.WebViewActivity"
225-->[:url_launcher_android] AndroidManifest.xml:9:13-74
226            android:exported="false"
226-->[:url_launcher_android] AndroidManifest.xml:10:13-37
227            android:theme="@android:style/Theme.NoTitleBar.Fullscreen" />
227-->[:url_launcher_android] AndroidManifest.xml:11:13-71
228
229        <uses-library
229-->[androidx.window:window:1.2.0] AndroidManifest.xml:23:9-25:40
230            android:name="androidx.window.extensions"
230-->[androidx.window:window:1.2.0] AndroidManifest.xml:24:13-54
231            android:required="false" />
231-->[androidx.window:window:1.2.0] AndroidManifest.xml:25:13-37
232        <uses-library
232-->[androidx.window:window:1.2.0] AndroidManifest.xml:26:9-28:40
233            android:name="androidx.window.sidecar"
233-->[androidx.window:window:1.2.0] AndroidManifest.xml:27:13-51
234            android:required="false" />
234-->[androidx.window:window:1.2.0] AndroidManifest.xml:28:13-37
235
236        <provider
236-->[androidx.emoji2:emoji2:1.2.0] AndroidManifest.xml:24:9-32:20
237            android:name="androidx.startup.InitializationProvider"
237-->[androidx.emoji2:emoji2:1.2.0] AndroidManifest.xml:25:13-67
238            android:authorities="com.irootsp.androidx-startup"
238-->[androidx.emoji2:emoji2:1.2.0] AndroidManifest.xml:26:13-68
239            android:exported="false" >
239-->[androidx.emoji2:emoji2:1.2.0] AndroidManifest.xml:27:13-37
240            <meta-data
240-->[androidx.emoji2:emoji2:1.2.0] AndroidManifest.xml:29:13-31:52
241                android:name="androidx.emoji2.text.EmojiCompatInitializer"
241-->[androidx.emoji2:emoji2:1.2.0] AndroidManifest.xml:30:17-75
242                android:value="androidx.startup" />
242-->[androidx.emoji2:emoji2:1.2.0] AndroidManifest.xml:31:17-49
243            <meta-data
243-->[androidx.lifecycle:lifecycle-process:2.7.0] AndroidManifest.xml:29:13-31:52
244                android:name="androidx.lifecycle.ProcessLifecycleInitializer"
244-->[androidx.lifecycle:lifecycle-process:2.7.0] AndroidManifest.xml:30:17-78
245                android:value="androidx.startup" />
245-->[androidx.lifecycle:lifecycle-process:2.7.0] AndroidManifest.xml:31:17-49
246            <meta-data
246-->[androidx.profileinstaller:profileinstaller:1.3.1] AndroidManifest.xml:29:13-31:52
247                android:name="androidx.profileinstaller.ProfileInstallerInitializer"
247-->[androidx.profileinstaller:profileinstaller:1.3.1] AndroidManifest.xml:30:17-85
248                android:value="androidx.startup" />
248-->[androidx.profileinstaller:profileinstaller:1.3.1] AndroidManifest.xml:31:17-49
249        </provider>
250
251        <receiver
251-->[com.google.firebase:firebase-messaging:24.1.0] AndroidManifest.xml:29:9-40:20
252            android:name="com.google.firebase.iid.FirebaseInstanceIdReceiver"
252-->[com.google.firebase:firebase-messaging:24.1.0] AndroidManifest.xml:30:13-78
253            android:exported="true"
253-->[com.google.firebase:firebase-messaging:24.1.0] AndroidManifest.xml:31:13-36
254            android:permission="com.google.android.c2dm.permission.SEND" >
254-->[com.google.firebase:firebase-messaging:24.1.0] AndroidManifest.xml:32:13-73
255            <intent-filter>
255-->[:firebase_messaging] AndroidManifest.xml:30:13-32:29
256                <action android:name="com.google.android.c2dm.intent.RECEIVE" />
256-->[:firebase_messaging] AndroidManifest.xml:31:17-81
256-->[:firebase_messaging] AndroidManifest.xml:31:25-78
257            </intent-filter>
258
259            <meta-data
259-->[com.google.firebase:firebase-messaging:24.1.0] AndroidManifest.xml:37:13-39:40
260                android:name="com.google.android.gms.cloudmessaging.FINISHED_AFTER_HANDLED"
260-->[com.google.firebase:firebase-messaging:24.1.0] AndroidManifest.xml:38:17-92
261                android:value="true" />
261-->[com.google.firebase:firebase-messaging:24.1.0] AndroidManifest.xml:39:17-37
262        </receiver>
263        <!--
264             FirebaseMessagingService performs security checks at runtime,
265             but set to not exported to explicitly avoid allowing another app to call it.
266        -->
267        <service
267-->[com.google.firebase:firebase-messaging:24.1.0] AndroidManifest.xml:46:9-53:19
268            android:name="com.google.firebase.messaging.FirebaseMessagingService"
268-->[com.google.firebase:firebase-messaging:24.1.0] AndroidManifest.xml:47:13-82
269            android:directBootAware="true"
269-->[com.google.firebase:firebase-messaging:24.1.0] AndroidManifest.xml:48:13-43
270            android:exported="false" >
270-->[com.google.firebase:firebase-messaging:24.1.0] AndroidManifest.xml:49:13-37
271            <intent-filter android:priority="-500" >
271-->[:firebase_messaging] AndroidManifest.xml:21:13-23:29
272                <action android:name="com.google.firebase.MESSAGING_EVENT" />
272-->[:firebase_messaging] AndroidManifest.xml:22:17-78
272-->[:firebase_messaging] AndroidManifest.xml:22:25-75
273            </intent-filter>
274        </service>
275
276        <provider
276-->[com.google.firebase:firebase-common:21.0.0] AndroidManifest.xml:23:9-28:39
277            android:name="com.google.firebase.provider.FirebaseInitProvider"
277-->[com.google.firebase:firebase-common:21.0.0] AndroidManifest.xml:24:13-77
278            android:authorities="com.irootsp.firebaseinitprovider"
278-->[com.google.firebase:firebase-common:21.0.0] AndroidManifest.xml:25:13-72
279            android:directBootAware="true"
279-->[com.google.firebase:firebase-common:21.0.0] AndroidManifest.xml:26:13-43
280            android:exported="false"
280-->[com.google.firebase:firebase-common:21.0.0] AndroidManifest.xml:27:13-37
281            android:initOrder="100" />
281-->[com.google.firebase:firebase-common:21.0.0] AndroidManifest.xml:28:13-36
282
283        <receiver
283-->[com.google.android.gms:play-services-measurement:22.2.0] AndroidManifest.xml:29:9-33:20
284            android:name="com.google.android.gms.measurement.AppMeasurementReceiver"
284-->[com.google.android.gms:play-services-measurement:22.2.0] AndroidManifest.xml:30:13-85
285            android:enabled="true"
285-->[com.google.android.gms:play-services-measurement:22.2.0] AndroidManifest.xml:31:13-35
286            android:exported="false" >
286-->[com.google.android.gms:play-services-measurement:22.2.0] AndroidManifest.xml:32:13-37
287        </receiver>
288
289        <service